#! /opt/homebrew/Cellar/icarus-verilog/12.0/bin/vvp
:ivl_version "12.0 (stable)";
:ivl_delay_selection "TYPICAL";
:vpi_time_precision + 0;
:vpi_module "/opt/homebrew/Cellar/icarus-verilog/12.0/lib/ivl/system.vpi";
:vpi_module "/opt/homebrew/Cellar/icarus-verilog/12.0/lib/ivl/vhdl_sys.vpi";
:vpi_module "/opt/homebrew/Cellar/icarus-verilog/12.0/lib/ivl/vhdl_textio.vpi";
:vpi_module "/opt/homebrew/Cellar/icarus-verilog/12.0/lib/ivl/v2005_math.vpi";
:vpi_module "/opt/homebrew/Cellar/icarus-verilog/12.0/lib/ivl/va_math.vpi";
S_0x1376074f0 .scope module, "alu8" "alu8" 2 2;
 .timescale 0 0;
    .port_info 0 /INPUT 8 "A";
    .port_info 1 /INPUT 8 "B";
    .port_info 2 /INPUT 3 "Op";
    .port_info 3 /INPUT 1 "Cin";
    .port_info 4 /OUTPUT 8 "Y";
    .port_info 5 /OUTPUT 1 "Cout";
o0x138040010 .functor BUFZ 8, C4<zzzzzzzz>; HiZ drive
v0x13760ac20_0 .net "A", 7 0, o0x138040010;  0 drivers
o0x138040040 .functor BUFZ 8, C4<zzzzzzzz>; HiZ drive
v0x13761aae0_0 .net "B", 7 0, o0x138040040;  0 drivers
o0x138040070 .functor BUFZ 1, C4<z>; HiZ drive
v0x13761ab90_0 .net "Cin", 0 0, o0x138040070;  0 drivers
v0x13761ac40_0 .var "Cout", 0 0;
o0x1380400d0 .functor BUFZ 3, C4<zzz>; HiZ drive
v0x13761ace0_0 .net "Op", 2 0, o0x1380400d0;  0 drivers
v0x13761add0_0 .var "Y", 7 0;
E_0x137607fb0 .event anyedge, v0x13761ace0_0, v0x13760ac20_0, v0x13761aae0_0, v0x13761ab90_0;
    .scope S_0x1376074f0;
T_0 ;
    %wait E_0x137607fb0;
    %load/vec4 v0x13761ace0_0;
    %dup/vec4;
    %pushi/vec4 0, 0, 3;
    %cmp/u;
    %jmp/1 T_0.0, 6;
    %pushi/vec4 0, 0, 9;
    %split/vec4 8;
    %store/vec4 v0x13761add0_0, 0, 8;
    %store/vec4 v0x13761ac40_0, 0, 1;
    %jmp T_0.2;
T_0.0 ;
    %load/vec4 v0x13760ac20_0;
    %pad/u 9;
    %load/vec4 v0x13761aae0_0;
    %pad/u 9;
    %add;
    %load/vec4 v0x13761ab90_0;
    %pad/u 9;
    %add;
    %split/vec4 8;
    %store/vec4 v0x13761add0_0, 0, 8;
    %store/vec4 v0x13761ac40_0, 0, 1;
    %jmp T_0.2;
T_0.2 ;
    %pop/vec4 1;
    %jmp T_0;
    .thread T_0, $push;
# The file index is used to find the file name in the following table.
:file_names 3;
    "N/A";
    "<interactive>";
    "alu8.v";
